TapCard/app/build/outputs/mapping/release/seeds.txt
com.tapcard.app.data.local.AppDatabase_Impl
com.tapcard.app.ui.viewmodel.ProfileViewModel
com.tapcard.app.ui.viewmodel.AuthViewModel
com.tapcard.app.MainActivity_GeneratedInjector
com.tapcard.app.TapCardApplication_GeneratedInjector
com.tapcard.app.MainActivity
com.tapcard.app.data.local.AppDatabase
com.tapcard.app.TapCardApplication
com.tapcard.app.data.remote.RemoteProfileDto: com.tapcard.app.data.remote.RemoteProfileDto$Companion Companion
com.tapcard.app.ui.viewmodel.UsernameValidationState: com.tapcard.app.ui.viewmodel.UsernameValidationState valueOf(java.lang.String)
com.tapcard.app.TapCardApplication: TapCardApplication()
com.tapcard.app.data.local.AppDatabase: AppDatabase()
com.tapcard.app.domain.auth.AuthState: com.tapcard.app.domain.auth.AuthState valueOf(java.lang.String)
com.tapcard.app.domain.auth.AuthState: com.tapcard.app.domain.auth.AuthState[] values()
com.tapcard.app.MainActivity: MainActivity()
com.tapcard.app.ui.viewmodel.UsernameValidationState: com.tapcard.app.ui.viewmodel.UsernameValidationState[] values()
com.tapcard.app.utils.NfcState: com.tapcard.app.utils.NfcState[] values()
com.tapcard.app.data.remote.RemoteProfileDto$Companion: kotlinx.serialization.KSerializer serializer()
com.tapcard.app.data.local.AppDatabase_Impl: AppDatabase_Impl()
com.tapcard.app.utils.NfcState: com.tapcard.app.utils.NfcState valueOf(java.lang.String)
com.tapcard.app.domain.model.SyncStatus: com.tapcard.app.domain.model.SyncStatus[] values()
com.tapcard.app.domain.model.SyncStatus: com.tapcard.app.domain.model.SyncStatus valueOf(java.lang.String)
...
io.github.jan.supabase.storage.BucketBuilder: BucketBuilder()
io.ktor.client.plugins.HttpTimeoutKt: org.slf4j.Logger access$getLOGGER$p()
io.ktor.http.Cookie: java.util.Map getExtensions()
io.ktor.client.plugins.cache.HttpCache: boolean isSharedClient$ktor_client_core()
io.github.jan.supabase.gotrue.admin.LinkType$RecoveryLink: java.lang.String getType()
coil.util.-Logs: void log(coil.util.Logger,java.lang.String,int,kotlin.jvm.functions.Function0)
io.ktor.utils.io.bits.MemoryPrimitivesKt: long loadULongAt-eY85DW0(java.nio.ByteBuffer,int)
io.ktor.serialization.kotlinx.KotlinxSerializationConverter: java.lang.Object serializeNullable(io.ktor.http.ContentType,java.nio.charset.Charset,io.ktor.util.reflect.TypeInfo,java.lang.Object,kotlin.coroutines.Continuation)
io.github.jan.supabase.gotrue.admin.AdminUserUpdateBuilder: int hashCode()
io.ktor.client.request.forms.FormBuilder: void append$default(io.ktor.client.request.forms.FormBuilder,java.lang.String,byte[],io.ktor.http.Headers,int,java.lang.Object)
io.ktor.client.request.BuildersJvmKt$prepareOptions$2: void invoke(io.ktor.client.request.HttpRequestBuilder)
io.github.jan.supabase.gotrue.providers.IDTokenProvider: kotlinx.serialization.descriptors.SerialDescriptor access$getDescriptor$cp()
io.ktor.utils.io.ByteChannelSequentialBase: java.lang.Object writeAvailable(byte[],int,int,kotlin.coroutines.Continuation)
io.ktor.http.cio.HttpHeadersMap$getAll$1: java.lang.Object invoke(java.lang.Object)
io.ktor.http.CookieDateBuilder: java.lang.Integer getDayOfMonth()
io.ktor.http.HttpMethod: java.lang.String toString()
io.ktor.utils.io.core.Buffer: int getWriteRemaining()
io.ktor.client.request.BuildersWithUrlKt$head$2: java.lang.Object invoke(java.lang.Object)
io.ktor.client.statement.HttpResponse: java.lang.String toString()
io.ktor.util.Platform: io.ktor.util.Platform[] $values()
io.ktor.client.request.HttpRequestKt: io.ktor.client.request.HttpRequestBuilder invoke(io.ktor.client.request.HttpRequestBuilder$Companion,java.lang.String,java.lang.String,java.lang.Integer,java.lang.String,kotlin.jvm.functions.Function1)
coil.disk.DiskLruCache$Entry: DiskLruCache$Entry(coil.disk.DiskLruCache,java.lang.String)
io.github.jan.supabase.storage.FlowExtKt$flowChannelDownloadRequest$1$1$1: java.lang.Object invoke(long,long,kotlin.coroutines.Continuation)
io.ktor.utils.io.WriterSessionKt$completeWritingFallback$1: WriterSessionKt$completeWritingFallback$1(kotlin.coroutines.Continuation)
io.github.jan.supabase.gotrue.AuthImpl: kotlinx.coroutines.flow.MutableStateFlow access$get_sessionStatus$p(io.github.jan.supabase.gotrue.AuthImpl)
io.ktor.client.plugins.BodyProgress$handle$2: java.lang.Object invoke(java.lang.Object,java.lang.Object,java.lang.Object)
kotlinx.serialization.json.JsonElement$Companion: kotlinx.serialization.KSerializer serializer()
io.ktor.utils.io.charsets.CharsetJVMKt: void Charset$annotations()
io.github.jan.supabase.network.KtorSupabaseHttpClient$prepareRequest$response$2: java.lang.String invoke()
coil.ComponentRegistry: kotlin.Pair newDecoder$default(coil.ComponentRegistry,coil.fetch.SourceResult,coil.request.Options,coil.ImageLoader,int,int,java.lang.Object)
coil.request.SuccessResult: boolean equals(java.lang.Object)
io.ktor.utils.io.ByteChannelSequentialBase$discardSuspend$1: ByteChannelSequentialBase$discardSuspend$1(io.ktor.utils.io.ByteChannelSequentialBase,kotlin.coroutines.Continuation)
io.ktor.network.tls.extensions.HashAlgorithm$Companion: HashAlgorithm$Companion(kotlin.jvm.internal.DefaultConstructorMarker)
io.github.jan.supabase.storage.StorageErrorResponse$$serializer: java.lang.Object deserialize(kotlinx.serialization.encoding.Decoder)
io.github.jan.supabase.postgrest.query.filter.PostgrestFilterBuilder: void neq(java.lang.String,java.lang.Object)
io.ktor.client.plugins.contentnegotiation.ContentNegotiation$Plugin: io.ktor.util.AttributeKey getKey()