TapCard/app/build/outputs/mapping/release/usage.txt
com.tapcard.app.BuildConfig
com.tapcard.app.DaggerTapCardApplication_HiltComponents_SingletonC$ActivityCImpl:
    public dagger.hilt.android.internal.builders.FragmentComponentBuilder fragmentComponentBuilder()
    public dagger.hilt.android.internal.builders.ViewComponentBuilder viewComponentBuilder()
com.tapcard.app.DaggerTapCardApplication_HiltComponents_SingletonC$Builder:
    public com.tapcard.app.DaggerTapCardApplication_HiltComponents_SingletonC$Builder appModule(com.tapcard.app.di.AppModule)
    public com.tapcard.app.DaggerTapCardApplication_HiltComponents_SingletonC$Builder hiltWrapper_FragmentGetContextFix_FragmentGetContextFixModule(dagger.hilt.android.flags.HiltWrapper_FragmentGetContextFix_FragmentGetContextFixModule)
com.tapcard.app.DaggerTapCardApplication_HiltComponents_SingletonC$FragmentCBuilder
com.tapcard.app.DaggerTapCardApplication_HiltComponents_SingletonC$FragmentCImpl
com.tapcard.app.DaggerTapCardApplication_HiltComponents_SingletonC$ServiceCBuilder
com.tapcard.app.DaggerTapCardApplication_HiltComponents_SingletonC$ServiceCImpl
com.tapcard.app.DaggerTapCardApplication_HiltComponents_SingletonC$SingletonCImpl:
    public java.util.Set getDisableFragmentGetContextFix()
    public dagger.hilt.android.internal.builders.ServiceComponentBuilder serviceComponentBuilder()
com.tapcard.app.DaggerTapCardApplication_HiltComponents_SingletonC$ViewCBuilder
com.tapcard.app.DaggerTapCardApplication_HiltComponents_SingletonC$ViewCImpl
com.tapcard.app.DaggerTapCardApplication_HiltComponents_SingletonC$ViewWithFragmentCBuilder
com.tapcard.app.DaggerTapCardApplication_HiltComponents_SingletonC$ViewWithFragmentCImpl
com.tapcard.app.DaggerTapCardApplication_HiltComponents_SingletonC:
    private void <init>()
com.tapcard.app.Hilt_MainActivity:
    void <init>(int)
    public synthetic bridge dagger.hilt.internal.GeneratedComponentManager componentManager()
com.tapcard.app.Hilt_TapCardApplication:
    public synthetic bridge dagger.hilt.internal.GeneratedComponentManager componentManager()
com.tapcard.app.MainActivity:
    public static final int $stable
com.tapcard.app.R$string
com.tapcard.app.R$style
com.tapcard.app.R$xml
com.tapcard.app.R
com.tapcard.app.TapCardApplication:
    public static final int $stable
com.tapcard.app.TapCardApplication_ComponentTreeDeps
com.tapcard.app.TapCardApplication_HiltComponents$ActivityC$Builder
com.tapcard.app.TapCardApplication_HiltComponents$ActivityCBuilderModule
com.tapcard.app.TapCardApplication_HiltComponents$ActivityRetainedC$Builder
com.tapcard.app.TapCardApplication_HiltComponents$ActivityRetainedCBuilderModule
com.tapcard.app.TapCardApplication_HiltComponents$FragmentC$Builder
com.tapcard.app.TapCardApplication_HiltComponents$FragmentC
com.tapcard.app.TapCardApplication_HiltComponents$FragmentCBuilderModule
com.tapcard.app.TapCardApplication_HiltComponents$ServiceC$Builder
com.tapcard.app.TapCardApplication_HiltComponents$ServiceC
com.tapcard.app.TapCardApplication_HiltComponents$ServiceCBuilderModule
com.tapcard.app.TapCardApplication_HiltComponents$ViewC$Builder
com.tapcard.app.TapCardApplication_HiltComponents$ViewC
com.tapcard.app.TapCardApplication_HiltComponents$ViewCBuilderModule
com.tapcard.app.TapCardApplication_HiltComponents$ViewModelC$Builder
com.tapcard.app.TapCardApplication_HiltComponents$ViewModelCBuilderModule
com.tapcard.app.TapCardApplication_HiltComponents$ViewWithFragmentC$Builder
com.tapcard.app.TapCardApplication_HiltComponents$ViewWithFragmentC
com.tapcard.app.TapCardApplication_HiltComponents$ViewWithFragmentCBuilderModule
com.tapcard.app.TapCardApplication_HiltComponents
com.tapcard.app.data.local.AppDatabase:
    public static final int $stable
com.tapcard.app.data.local.AppDatabase_Impl:
    public void clearAllTables()
com.tapcard.app.data.local.ProfileDao:
    public abstract java.lang.Object getProfile(kotlin.coroutines.Continuation)
com.tapcard.app.data.local.ProfileDao_Impl$4
...
androidx.compose.ui.layout.ScaleFactorKt:
    public static final synthetic float access$roundToTenths(float)
    public static final long div-UQTWf7w(long,long)
    public static final boolean isSpecified-FK8aYYs(long)
    public static synthetic void isSpecified-FK8aYYs$annotations(long)
    public static final boolean isUnspecified-FK8aYYs(long)
    public static synthetic void isUnspecified-FK8aYYs$annotations(long)
    public static final long lerp--bDIf60(long,long,float)
    private static final float roundToTenths(float)
    public static final long takeOrElse-oyDd2qo(long,kotlin.jvm.functions.Function0)
androidx.compose.ui.layout.SubcomposeIntermediateMeasureScope:
    public abstract long getLookaheadConstraints-msEJaDk()
    public abstract long getLookaheadSize-YbymL2g()
androidx.compose.ui.layout.SubcomposeLayoutKt$SubcomposeLayout$3
androidx.compose.ui.layout.SubcomposeLayoutKt$SubcomposeLayout$5
androidx.compose.ui.layout.SubcomposeLayoutKt:
    public static final void SubcomposeLayout(androidx.compose.ui.Modifier,kotlin.jvm.functions.Function2,kotlin.jvm.functions.Function2,androidx.compose.runtime.Composer,int,int)
    public static final androidx.compose.ui.layout.SubcomposeSlotReusePolicy SubcomposeSlotReusePolicy(int)
androidx.compose.ui.layout.SubcomposeLayoutState$PrecomposedSlotHandle
androidx.compose.ui.layout.SubcomposeLayoutState:
    public void <init>(int)
    public final boolean isInLookaheadScope()
    public static synthetic void isInLookaheadScope$annotations()
    public final androidx.compose.ui.layout.SubcomposeLayoutState$PrecomposedSlotHandle precompose(java.lang.Object,kotlin.jvm.functions.Function2)
androidx.compose.ui.layout.SubcomposeSlotReusePolicy$SlotIdsSet:
    public void <init>()
    public final boolean removeAll(kotlin.jvm.functions.Function1)
    public final boolean retainAll(kotlin.jvm.functions.Function1)
androidx.compose.ui.layout.TestModifierUpdater
androidx.compose.ui.layout.TestModifierUpdaterKt$TestModifierUpdaterLayout$$inlined$ComposeNode$1
androidx.compose.ui.layout.TestModifierUpdaterKt$TestModifierUpdaterLayout$1$1
androidx.compose.ui.layout.TestModifierUpdaterKt$TestModifierUpdaterLayout$2
androidx.compose.ui.layout.TestModifierUpdaterKt$TestModifierUpdaterLayout$measurePolicy$1$measure$1
androidx.compose.ui.layout.TestModifierUpdaterKt$TestModifierUpdaterLayout$measurePolicy$1
androidx.compose.ui.layout.TestModifierUpdaterKt
androidx.compose.ui.layout.VerticalAlignmentLine:
    public static final int $stable
    static void <clinit>()
    public void <init>(kotlin.jvm.functions.Function2)
androidx.compose.ui.modifier.BackwardsCompatLocalMap:
    public final androidx.compose.ui.modifier.ModifierLocalProvider getElement()
    public void set$ui_release(androidx.compose.ui.modifier.ModifierLocal,java.lang.Object)
androidx.compose.ui.modifier.EmptyMap:
    public java.lang.Void set$ui_release(androidx.compose.ui.modifier.ModifierLocal,java.lang.Object)
    public synthetic bridge void set$ui_release(androidx.compose.ui.modifier.ModifierLocal,java.lang.Object)
androidx.compose.ui.modifier.ModifierLocal:
    public static final int $stable
androidx.compose.ui.modifier.ModifierLocalConsumer$DefaultImpls